<?xml version="1.0" encoding="UTF-8"?>
<!-- Generated by org.testng.reporters.JUnitReportReporter -->
<testsuite hostname="LAPTOP-NBCD1KMT" failures="0" tests="3" name="Automation.TestCase" time="58.647" errors="0" timestamp="2023-09-11T17:29:32 IST" skipped="0">
  <testcase classname="Automation.TestCase" name="login" time="7.515"/>
  <testcase classname="Automation.TestCase" name="functional" time="38.578"/>
  <testcase classname="Automation.TestCase" name="regression" time="12.554"/>
</testsuite> <!-- Automation.TestCase -->
